2025-02-11 14:25:09,514 [Worker-1: Loading available Gradle versions] INFO  o.e.b.c.i.u.g.PublishedGradleVersions - Gradle version information cache is not available. Remote download required.
2025-02-11 14:25:42,389 [Worker-9: Launching mavenrun-1cdf40e6-8d85-4ece-9b82-cef1571183e3] INFO  o.eclipse.m2e.core.internal.Bundles - getClasspathEntries(Bundle=org.eclipse.m2e.maven.runtime_3.9.900.20240824-1409 [364])
2025-02-11 14:25:42,393 [Worker-9: Launching mavenrun-1cdf40e6-8d85-4ece-9b82-cef1571183e3] INFO  o.eclipse.m2e.core.internal.Bundles - 	Entry: C:\Users\Wissen\Desktop\sts-4.27.0.RELEASE\plugins\org.eclipse.m2e.maven.runtime_3.9.900.20240824-1409
2025-02-11 14:25:42,394 [Worker-9: Launching mavenrun-1cdf40e6-8d85-4ece-9b82-cef1571183e3] INFO  o.eclipse.m2e.core.internal.Bundles - 	Entry: C:\Users\Wissen\Desktop\sts-4.27.0.RELEASE\plugins\org.eclipse.m2e.maven.runtime_3.9.900.20240824-1409\jars\aopalliance-1.0.jar
2025-02-11 14:25:42,394 [Worker-9: Launching mavenrun-1cdf40e6-8d85-4ece-9b82-cef1571183e3] INFO  o.eclipse.m2e.core.internal.Bundles - 	Entry: C:\Users\Wissen\Desktop\sts-4.27.0.RELEASE\plugins\org.eclipse.m2e.maven.runtime_3.9.900.20240824-1409\jars\guice-5.1.0.jar
2025-02-11 14:25:42,394 [Worker-9: Launching mavenrun-1cdf40e6-8d85-4ece-9b82-cef1571183e3] INFO  o.eclipse.m2e.core.internal.Bundles - 	Entry: C:\Users\Wissen\Desktop\sts-4.27.0.RELEASE\plugins\org.eclipse.m2e.maven.runtime_3.9.900.20240824-1409\jars\httpclient-4.5.14.jar
2025-02-11 14:25:42,395 [Worker-9: Launching mavenrun-1cdf40e6-8d85-4ece-9b82-cef1571183e3] INFO  o.eclipse.m2e.core.internal.Bundles - 	Entry: C:\Users\Wissen\Desktop\sts-4.27.0.RELEASE\plugins\org.eclipse.m2e.maven.runtime_3.9.900.20240824-1409\jars\httpcore-4.4.16.jar
2025-02-11 14:25:42,395 [Worker-9: Launching mavenrun-1cdf40e6-8d85-4ece-9b82-cef1571183e3] INFO  o.eclipse.m2e.core.internal.Bundles - 	Entry: C:\Users\Wissen\Desktop\sts-4.27.0.RELEASE\plugins\org.eclipse.m2e.maven.runtime_3.9.900.20240824-1409\jars\jansi-2.4.1.jar
2025-02-11 14:25:42,395 [Worker-9: Launching mavenrun-1cdf40e6-8d85-4ece-9b82-cef1571183e3] INFO  o.eclipse.m2e.core.internal.Bundles - 	Entry: C:\Users\Wissen\Desktop\sts-4.27.0.RELEASE\plugins\org.eclipse.m2e.maven.runtime_3.9.900.20240824-1409\jars\jcl-over-slf4j-1.7.36.jar
2025-02-11 14:25:42,396 [Worker-9: Launching mavenrun-1cdf40e6-8d85-4ece-9b82-cef1571183e3] INFO  o.eclipse.m2e.core.internal.Bundles - 	Entry: C:\Users\Wissen\Desktop\sts-4.27.0.RELEASE\plugins\org.eclipse.m2e.maven.runtime_3.9.900.20240824-1409\jars\maven-artifact-3.9.9.jar
2025-02-11 14:25:42,396 [Worker-9: Launching mavenrun-1cdf40e6-8d85-4ece-9b82-cef1571183e3] INFO  o.eclipse.m2e.core.internal.Bundles - 	Entry: C:\Users\Wissen\Desktop\sts-4.27.0.RELEASE\plugins\org.eclipse.m2e.maven.runtime_3.9.900.20240824-1409\jars\maven-builder-support-3.9.9.jar
2025-02-11 14:25:42,396 [Worker-9: Launching mavenrun-1cdf40e6-8d85-4ece-9b82-cef1571183e3] INFO  o.eclipse.m2e.core.internal.Bundles - 	Entry: C:\Users\Wissen\Desktop\sts-4.27.0.RELEASE\plugins\org.eclipse.m2e.maven.runtime_3.9.900.20240824-1409\jars\maven-compat-3.9.9.jar
2025-02-11 14:25:42,396 [Worker-9: Launching mavenrun-1cdf40e6-8d85-4ece-9b82-cef1571183e3] INFO  o.eclipse.m2e.core.internal.Bundles - 	Entry: C:\Users\Wissen\Desktop\sts-4.27.0.RELEASE\plugins\org.eclipse.m2e.maven.runtime_3.9.900.20240824-1409\jars\maven-core-3.9.9.jar
2025-02-11 14:25:42,396 [Worker-9: Launching mavenrun-1cdf40e6-8d85-4ece-9b82-cef1571183e3] INFO  o.eclipse.m2e.core.internal.Bundles - 	Entry: C:\Users\Wissen\Desktop\sts-4.27.0.RELEASE\plugins\org.eclipse.m2e.maven.runtime_3.9.900.20240824-1409\jars\maven-embedder-3.9.9.jar
2025-02-11 14:25:42,396 [Worker-9: Launching mavenrun-1cdf40e6-8d85-4ece-9b82-cef1571183e3] INFO  o.eclipse.m2e.core.internal.Bundles - 	Entry: C:\Users\Wissen\Desktop\sts-4.27.0.RELEASE\plugins\org.eclipse.m2e.maven.runtime_3.9.900.20240824-1409\jars\maven-model-3.9.9.jar
2025-02-11 14:25:42,396 [Worker-9: Launching mavenrun-1cdf40e6-8d85-4ece-9b82-cef1571183e3] INFO  o.eclipse.m2e.core.internal.Bundles - 	Entry: C:\Users\Wissen\Desktop\sts-4.27.0.RELEASE\plugins\org.eclipse.m2e.maven.runtime_3.9.900.20240824-1409\jars\maven-model-builder-3.9.9.jar
2025-02-11 14:25:42,396 [Worker-9: Launching mavenrun-1cdf40e6-8d85-4ece-9b82-cef1571183e3] INFO  o.eclipse.m2e.core.internal.Bundles - 	Entry: C:\Users\Wissen\Desktop\sts-4.27.0.RELEASE\plugins\org.eclipse.m2e.maven.runtime_3.9.900.20240824-1409\jars\maven-plugin-api-3.9.9.jar
2025-02-11 14:25:42,396 [Worker-9: Launching mavenrun-1cdf40e6-8d85-4ece-9b82-cef1571183e3] INFO  o.eclipse.m2e.core.internal.Bundles - 	Entry: C:\Users\Wissen\Desktop\sts-4.27.0.RELEASE\plugins\org.eclipse.m2e.maven.runtime_3.9.900.20240824-1409\jars\maven-repository-metadata-3.9.9.jar
2025-02-11 14:25:42,396 [Worker-9: Launching mavenrun-1cdf40e6-8d85-4ece-9b82-cef1571183e3] INFO  o.eclipse.m2e.core.internal.Bundles - 	Entry: C:\Users\Wissen\Desktop\sts-4.27.0.RELEASE\plugins\org.eclipse.m2e.maven.runtime_3.9.900.20240824-1409\jars\maven-resolver-api-1.9.22.jar
2025-02-11 14:25:42,396 [Worker-9: Launching mavenrun-1cdf40e6-8d85-4ece-9b82-cef1571183e3] INFO  o.eclipse.m2e.core.internal.Bundles - 	Entry: C:\Users\Wissen\Desktop\sts-4.27.0.RELEASE\plugins\org.eclipse.m2e.maven.runtime_3.9.900.20240824-1409\jars\maven-resolver-connector-basic-1.9.22.jar
2025-02-11 14:25:42,398 [Worker-9: Launching mavenrun-1cdf40e6-8d85-4ece-9b82-cef1571183e3] INFO  o.eclipse.m2e.core.internal.Bundles - 	Entry: C:\Users\Wissen\Desktop\sts-4.27.0.RELEASE\plugins\org.eclipse.m2e.maven.runtime_3.9.900.20240824-1409\jars\maven-resolver-impl-1.9.22.jar
2025-02-11 14:25:42,398 [Worker-9: Launching mavenrun-1cdf40e6-8d85-4ece-9b82-cef1571183e3] INFO  o.eclipse.m2e.core.internal.Bundles - 	Entry: C:\Users\Wissen\Desktop\sts-4.27.0.RELEASE\plugins\org.eclipse.m2e.maven.runtime_3.9.900.20240824-1409\jars\maven-resolver-named-locks-1.9.22.jar
2025-02-11 14:25:42,398 [Worker-9: Launching mavenrun-1cdf40e6-8d85-4ece-9b82-cef1571183e3] INFO  o.eclipse.m2e.core.internal.Bundles - 	Entry: C:\Users\Wissen\Desktop\sts-4.27.0.RELEASE\plugins\org.eclipse.m2e.maven.runtime_3.9.900.20240824-1409\jars\maven-resolver-provider-3.9.9.jar
2025-02-11 14:25:42,398 [Worker-9: Launching mavenrun-1cdf40e6-8d85-4ece-9b82-cef1571183e3] INFO  o.eclipse.m2e.core.internal.Bundles - 	Entry: C:\Users\Wissen\Desktop\sts-4.27.0.RELEASE\plugins\org.eclipse.m2e.maven.runtime_3.9.900.20240824-1409\jars\maven-resolver-spi-1.9.22.jar
2025-02-11 14:25:42,398 [Worker-9: Launching mavenrun-1cdf40e6-8d85-4ece-9b82-cef1571183e3] INFO  o.eclipse.m2e.core.internal.Bundles - 	Entry: C:\Users\Wissen\Desktop\sts-4.27.0.RELEASE\plugins\org.eclipse.m2e.maven.runtime_3.9.900.20240824-1409\jars\maven-resolver-transport-file-1.9.22.jar
2025-02-11 14:25:42,398 [Worker-9: Launching mavenrun-1cdf40e6-8d85-4ece-9b82-cef1571183e3] INFO  o.eclipse.m2e.core.internal.Bundles - 	Entry: C:\Users\Wissen\Desktop\sts-4.27.0.RELEASE\plugins\org.eclipse.m2e.maven.runtime_3.9.900.20240824-1409\jars\maven-resolver-transport-http-1.9.22.jar
2025-02-11 14:25:42,398 [Worker-9: Launching mavenrun-1cdf40e6-8d85-4ece-9b82-cef1571183e3] INFO  o.eclipse.m2e.core.internal.Bundles - 	Entry: C:\Users\Wissen\Desktop\sts-4.27.0.RELEASE\plugins\org.eclipse.m2e.maven.runtime_3.9.900.20240824-1409\jars\maven-resolver-transport-wagon-1.9.22.jar
2025-02-11 14:25:42,399 [Worker-9: Launching mavenrun-1cdf40e6-8d85-4ece-9b82-cef1571183e3] INFO  o.eclipse.m2e.core.internal.Bundles - 	Entry: C:\Users\Wissen\Desktop\sts-4.27.0.RELEASE\plugins\org.eclipse.m2e.maven.runtime_3.9.900.20240824-1409\jars\maven-resolver-util-1.9.22.jar
2025-02-11 14:25:42,399 [Worker-9: Launching mavenrun-1cdf40e6-8d85-4ece-9b82-cef1571183e3] INFO  o.eclipse.m2e.core.internal.Bundles - 	Entry: C:\Users\Wissen\Desktop\sts-4.27.0.RELEASE\plugins\org.eclipse.m2e.maven.runtime_3.9.900.20240824-1409\jars\maven-settings-3.9.9.jar
2025-02-11 14:25:42,399 [Worker-9: Launching mavenrun-1cdf40e6-8d85-4ece-9b82-cef1571183e3] INFO  o.eclipse.m2e.core.internal.Bundles - 	Entry: C:\Users\Wissen\Desktop\sts-4.27.0.RELEASE\plugins\org.eclipse.m2e.maven.runtime_3.9.900.20240824-1409\jars\maven-settings-builder-3.9.9.jar
2025-02-11 14:25:42,399 [Worker-9: Launching mavenrun-1cdf40e6-8d85-4ece-9b82-cef1571183e3] INFO  o.eclipse.m2e.core.internal.Bundles - 	Entry: C:\Users\Wissen\Desktop\sts-4.27.0.RELEASE\plugins\org.eclipse.m2e.maven.runtime_3.9.900.20240824-1409\jars\maven-shared-utils-3.4.2.jar
2025-02-11 14:25:42,400 [Worker-9: Launching mavenrun-1cdf40e6-8d85-4ece-9b82-cef1571183e3] INFO  o.eclipse.m2e.core.internal.Bundles - 	Entry: C:\Users\Wissen\Desktop\sts-4.27.0.RELEASE\plugins\org.eclipse.m2e.maven.runtime_3.9.900.20240824-1409\jars\org.eclipse.sisu.inject-0.9.0.M3.jar
2025-02-11 14:25:42,400 [Worker-9: Launching mavenrun-1cdf40e6-8d85-4ece-9b82-cef1571183e3] INFO  o.eclipse.m2e.core.internal.Bundles - 	Entry: C:\Users\Wissen\Desktop\sts-4.27.0.RELEASE\plugins\org.eclipse.m2e.maven.runtime_3.9.900.20240824-1409\jars\org.eclipse.sisu.plexus-0.9.0.M3.jar
2025-02-11 14:25:42,400 [Worker-9: Launching mavenrun-1cdf40e6-8d85-4ece-9b82-cef1571183e3] INFO  o.eclipse.m2e.core.internal.Bundles - 	Entry: C:\Users\Wissen\Desktop\sts-4.27.0.RELEASE\plugins\org.eclipse.m2e.maven.runtime_3.9.900.20240824-1409\jars\plexus-build-api-0.0.7.jar
2025-02-11 14:25:42,400 [Worker-9: Launching mavenrun-1cdf40e6-8d85-4ece-9b82-cef1571183e3] INFO  o.eclipse.m2e.core.internal.Bundles - 	Entry: C:\Users\Wissen\Desktop\sts-4.27.0.RELEASE\plugins\org.eclipse.m2e.maven.runtime_3.9.900.20240824-1409\jars\plexus-build-api-1.2.0.jar
2025-02-11 14:25:42,400 [Worker-9: Launching mavenrun-1cdf40e6-8d85-4ece-9b82-cef1571183e3] INFO  o.eclipse.m2e.core.internal.Bundles - 	Entry: C:\Users\Wissen\Desktop\sts-4.27.0.RELEASE\plugins\org.eclipse.m2e.maven.runtime_3.9.900.20240824-1409\jars\plexus-cipher-2.0.jar
2025-02-11 14:25:42,401 [Worker-9: Launching mavenrun-1cdf40e6-8d85-4ece-9b82-cef1571183e3] INFO  o.eclipse.m2e.core.internal.Bundles - 	Entry: C:\Users\Wissen\Desktop\sts-4.27.0.RELEASE\plugins\org.eclipse.m2e.maven.runtime_3.9.900.20240824-1409\jars\plexus-classworlds-2.8.0.jar
2025-02-11 14:25:42,401 [Worker-9: Launching mavenrun-1cdf40e6-8d85-4ece-9b82-cef1571183e3] INFO  o.eclipse.m2e.core.internal.Bundles - 	Entry: C:\Users\Wissen\Desktop\sts-4.27.0.RELEASE\plugins\org.eclipse.m2e.maven.runtime_3.9.900.20240824-1409\jars\plexus-component-annotations-2.1.0.jar
2025-02-11 14:25:42,401 [Worker-9: Launching mavenrun-1cdf40e6-8d85-4ece-9b82-cef1571183e3] INFO  o.eclipse.m2e.core.internal.Bundles - 	Entry: C:\Users\Wissen\Desktop\sts-4.27.0.RELEASE\plugins\org.eclipse.m2e.maven.runtime_3.9.900.20240824-1409\jars\plexus-interpolation-1.27.jar
2025-02-11 14:25:42,401 [Worker-9: Launching mavenrun-1cdf40e6-8d85-4ece-9b82-cef1571183e3] INFO  o.eclipse.m2e.core.internal.Bundles - 	Entry: C:\Users\Wissen\Desktop\sts-4.27.0.RELEASE\plugins\org.eclipse.m2e.maven.runtime_3.9.900.20240824-1409\jars\plexus-sec-dispatcher-2.0.jar
2025-02-11 14:25:42,402 [Worker-9: Launching mavenrun-1cdf40e6-8d85-4ece-9b82-cef1571183e3] INFO  o.eclipse.m2e.core.internal.Bundles - 	Entry: C:\Users\Wissen\Desktop\sts-4.27.0.RELEASE\plugins\org.eclipse.m2e.maven.runtime_3.9.900.20240824-1409\jars\plexus-utils-3.5.1.jar
2025-02-11 14:25:42,402 [Worker-9: Launching mavenrun-1cdf40e6-8d85-4ece-9b82-cef1571183e3] INFO  o.eclipse.m2e.core.internal.Bundles - 	Entry: C:\Users\Wissen\Desktop\sts-4.27.0.RELEASE\plugins\org.eclipse.m2e.maven.runtime_3.9.900.20240824-1409\jars\plexus-xml-3.0.1.jar
2025-02-11 14:25:42,402 [Worker-9: Launching mavenrun-1cdf40e6-8d85-4ece-9b82-cef1571183e3] INFO  o.eclipse.m2e.core.internal.Bundles - 	Entry: C:\Users\Wissen\Desktop\sts-4.27.0.RELEASE\plugins\org.eclipse.m2e.maven.runtime_3.9.900.20240824-1409\jars\wagon-file-3.5.3.jar
2025-02-11 14:25:42,402 [Worker-9: Launching mavenrun-1cdf40e6-8d85-4ece-9b82-cef1571183e3] INFO  o.eclipse.m2e.core.internal.Bundles - 	Entry: C:\Users\Wissen\Desktop\sts-4.27.0.RELEASE\plugins\org.eclipse.m2e.maven.runtime_3.9.900.20240824-1409\jars\wagon-http-3.5.3.jar
2025-02-11 14:25:42,402 [Worker-9: Launching mavenrun-1cdf40e6-8d85-4ece-9b82-cef1571183e3] INFO  o.eclipse.m2e.core.internal.Bundles - 	Entry: C:\Users\Wissen\Desktop\sts-4.27.0.RELEASE\plugins\org.eclipse.m2e.maven.runtime_3.9.900.20240824-1409\jars\wagon-http-shared-3.5.3.jar
2025-02-11 14:25:42,403 [Worker-9: Launching mavenrun-1cdf40e6-8d85-4ece-9b82-cef1571183e3] INFO  o.eclipse.m2e.core.internal.Bundles - 	Entry: C:\Users\Wissen\Desktop\sts-4.27.0.RELEASE\plugins\org.eclipse.m2e.maven.runtime_3.9.900.20240824-1409\jars\wagon-provider-api-3.5.3.jar
2025-02-11 14:25:42,406 [Worker-9: Launching mavenrun-1cdf40e6-8d85-4ece-9b82-cef1571183e3] INFO  o.eclipse.m2e.core.internal.Bundles - getClasspathEntries(Bundle=com.google.guava_33.3.1.jre [29])
2025-02-11 14:25:42,407 [Worker-9: Launching mavenrun-1cdf40e6-8d85-4ece-9b82-cef1571183e3] INFO  o.eclipse.m2e.core.internal.Bundles - 	Entry: C:\Users\Wissen\Desktop\sts-4.27.0.RELEASE\plugins\com.google.guava_33.3.1.jre.jar
2025-02-11 14:25:42,407 [Worker-9: Launching mavenrun-1cdf40e6-8d85-4ece-9b82-cef1571183e3] INFO  o.eclipse.m2e.core.internal.Bundles - getClasspathEntries(Bundle=slf4j.api_2.0.16 [615])
2025-02-11 14:25:42,408 [Worker-9: Launching mavenrun-1cdf40e6-8d85-4ece-9b82-cef1571183e3] INFO  o.eclipse.m2e.core.internal.Bundles - 	Entry: C:\Users\Wissen\Desktop\sts-4.27.0.RELEASE\plugins\slf4j.api_2.0.16.jar
2025-02-11 14:25:42,408 [Worker-9: Launching mavenrun-1cdf40e6-8d85-4ece-9b82-cef1571183e3] INFO  o.eclipse.m2e.core.internal.Bundles - getClasspathEntries(Bundle=jakarta.inject.jakarta.inject-api_1.0.5 [45])
2025-02-11 14:25:42,408 [Worker-9: Launching mavenrun-1cdf40e6-8d85-4ece-9b82-cef1571183e3] INFO  o.eclipse.m2e.core.internal.Bundles - 	Entry: C:\Users\Wissen\Desktop\sts-4.27.0.RELEASE\plugins\jakarta.inject.jakarta.inject-api_1.0.5.jar
2025-02-11 14:25:42,408 [Worker-9: Launching mavenrun-1cdf40e6-8d85-4ece-9b82-cef1571183e3] INFO  o.eclipse.m2e.core.internal.Bundles - getClasspathEntries(Bundle=jakarta.annotation-api_1.3.5 [41])
2025-02-11 14:25:42,408 [Worker-9: Launching mavenrun-1cdf40e6-8d85-4ece-9b82-cef1571183e3] INFO  o.eclipse.m2e.core.internal.Bundles - 	Entry: C:\Users\Wissen\Desktop\sts-4.27.0.RELEASE\plugins\jakarta.annotation-api_1.3.5.jar
2025-02-11 14:25:42,408 [Worker-9: Launching mavenrun-1cdf40e6-8d85-4ece-9b82-cef1571183e3] INFO  o.eclipse.m2e.core.internal.Bundles - getClasspathEntries(Bundle=org.apache.commons.cli_1.9.0 [78])
2025-02-11 14:25:42,409 [Worker-9: Launching mavenrun-1cdf40e6-8d85-4ece-9b82-cef1571183e3] INFO  o.eclipse.m2e.core.internal.Bundles - 	Entry: C:\Users\Wissen\Desktop\sts-4.27.0.RELEASE\plugins\org.apache.commons.cli_1.9.0.jar
2025-02-11 14:25:42,409 [Worker-9: Launching mavenrun-1cdf40e6-8d85-4ece-9b82-cef1571183e3] INFO  o.eclipse.m2e.core.internal.Bundles - getClasspathEntries(Bundle=org.apache.commons.commons-codec_1.16.0 [81])
2025-02-11 14:25:42,409 [Worker-9: Launching mavenrun-1cdf40e6-8d85-4ece-9b82-cef1571183e3] INFO  o.eclipse.m2e.core.internal.Bundles - 	Entry: C:\Users\Wissen\Desktop\sts-4.27.0.RELEASE\plugins\org.apache.commons.commons-codec_1.16.0.jar
2025-02-11 14:25:42,409 [Worker-9: Launching mavenrun-1cdf40e6-8d85-4ece-9b82-cef1571183e3] INFO  o.eclipse.m2e.core.internal.Bundles - getClasspathEntries(Bundle=com.google.guava.failureaccess_1.0.2 [30])
2025-02-11 14:25:42,410 [Worker-9: Launching mavenrun-1cdf40e6-8d85-4ece-9b82-cef1571183e3] INFO  o.eclipse.m2e.core.internal.Bundles - 	Entry: C:\Users\Wissen\Desktop\sts-4.27.0.RELEASE\plugins\com.google.guava.failureaccess_1.0.2.jar
2025-02-11 14:25:42,419 [Worker-9: Launching mavenrun-1cdf40e6-8d85-4ece-9b82-cef1571183e3] INFO  o.e.m.i.launch.MavenLaunchDelegate - Run build in "C:\Users\Wissen\AppData\Local\Temp\m2e-archetypeGenerator3358296063245396438":
2025-02-11 14:25:42,424 [Worker-9: Launching mavenrun-1cdf40e6-8d85-4ece-9b82-cef1571183e3] INFO  o.e.m.i.launch.MavenLaunchDelegate -  mvn  -DjavaCompilerVersion=17 -DjunitVersion=5.11.0 -DarchetypeGroupId=org.apache.maven.archetypes -DarchetypeArtifactId=maven-archetype-quickstart -DarchetypeVersion=1.5 -DgroupId=com -DartifactId=demo1 -Dversion=0.0.1-SNAPSHOT -Dpackage=com.demo1 -DoutputDirectory=C:\Users\Wissen\Desktop\GradTraining\Maven -Dstyle.color=always -U archetype:generate
2025-02-11 14:29:31,641 [Worker-1: Launching mavenrun-8c3f34c9-5217-46c1-b54e-17a8b9a820ed] INFO  o.eclipse.m2e.core.internal.Bundles - getClasspathEntries(Bundle=org.eclipse.m2e.maven.runtime_3.9.900.20240824-1409 [364])
2025-02-11 14:29:31,642 [Worker-1: Launching mavenrun-8c3f34c9-5217-46c1-b54e-17a8b9a820ed] INFO  o.eclipse.m2e.core.internal.Bundles - 	Entry: C:\Users\Wissen\Desktop\sts-4.27.0.RELEASE\plugins\org.eclipse.m2e.maven.runtime_3.9.900.20240824-1409
2025-02-11 14:29:31,642 [Worker-1: Launching mavenrun-8c3f34c9-5217-46c1-b54e-17a8b9a820ed] INFO  o.eclipse.m2e.core.internal.Bundles - 	Entry: C:\Users\Wissen\Desktop\sts-4.27.0.RELEASE\plugins\org.eclipse.m2e.maven.runtime_3.9.900.20240824-1409\jars\aopalliance-1.0.jar
2025-02-11 14:29:31,642 [Worker-1: Launching mavenrun-8c3f34c9-5217-46c1-b54e-17a8b9a820ed] INFO  o.eclipse.m2e.core.internal.Bundles - 	Entry: C:\Users\Wissen\Desktop\sts-4.27.0.RELEASE\plugins\org.eclipse.m2e.maven.runtime_3.9.900.20240824-1409\jars\guice-5.1.0.jar
2025-02-11 14:29:31,643 [Worker-1: Launching mavenrun-8c3f34c9-5217-46c1-b54e-17a8b9a820ed] INFO  o.eclipse.m2e.core.internal.Bundles - 	Entry: C:\Users\Wissen\Desktop\sts-4.27.0.RELEASE\plugins\org.eclipse.m2e.maven.runtime_3.9.900.20240824-1409\jars\httpclient-4.5.14.jar
2025-02-11 14:29:31,643 [Worker-1: Launching mavenrun-8c3f34c9-5217-46c1-b54e-17a8b9a820ed] INFO  o.eclipse.m2e.core.internal.Bundles - 	Entry: C:\Users\Wissen\Desktop\sts-4.27.0.RELEASE\plugins\org.eclipse.m2e.maven.runtime_3.9.900.20240824-1409\jars\httpcore-4.4.16.jar
2025-02-11 14:29:31,643 [Worker-1: Launching mavenrun-8c3f34c9-5217-46c1-b54e-17a8b9a820ed] INFO  o.eclipse.m2e.core.internal.Bundles - 	Entry: C:\Users\Wissen\Desktop\sts-4.27.0.RELEASE\plugins\org.eclipse.m2e.maven.runtime_3.9.900.20240824-1409\jars\jansi-2.4.1.jar
2025-02-11 14:29:31,644 [Worker-1: Launching mavenrun-8c3f34c9-5217-46c1-b54e-17a8b9a820ed] INFO  o.eclipse.m2e.core.internal.Bundles - 	Entry: C:\Users\Wissen\Desktop\sts-4.27.0.RELEASE\plugins\org.eclipse.m2e.maven.runtime_3.9.900.20240824-1409\jars\jcl-over-slf4j-1.7.36.jar
2025-02-11 14:29:31,644 [Worker-1: Launching mavenrun-8c3f34c9-5217-46c1-b54e-17a8b9a820ed] INFO  o.eclipse.m2e.core.internal.Bundles - 	Entry: C:\Users\Wissen\Desktop\sts-4.27.0.RELEASE\plugins\org.eclipse.m2e.maven.runtime_3.9.900.20240824-1409\jars\maven-artifact-3.9.9.jar
2025-02-11 14:29:31,644 [Worker-1: Launching mavenrun-8c3f34c9-5217-46c1-b54e-17a8b9a820ed] INFO  o.eclipse.m2e.core.internal.Bundles - 	Entry: C:\Users\Wissen\Desktop\sts-4.27.0.RELEASE\plugins\org.eclipse.m2e.maven.runtime_3.9.900.20240824-1409\jars\maven-builder-support-3.9.9.jar
2025-02-11 14:29:31,644 [Worker-1: Launching mavenrun-8c3f34c9-5217-46c1-b54e-17a8b9a820ed] INFO  o.eclipse.m2e.core.internal.Bundles - 	Entry: C:\Users\Wissen\Desktop\sts-4.27.0.RELEASE\plugins\org.eclipse.m2e.maven.runtime_3.9.900.20240824-1409\jars\maven-compat-3.9.9.jar
2025-02-11 14:29:31,644 [Worker-1: Launching mavenrun-8c3f34c9-5217-46c1-b54e-17a8b9a820ed] INFO  o.eclipse.m2e.core.internal.Bundles - 	Entry: C:\Users\Wissen\Desktop\sts-4.27.0.RELEASE\plugins\org.eclipse.m2e.maven.runtime_3.9.900.20240824-1409\jars\maven-core-3.9.9.jar
2025-02-11 14:29:31,644 [Worker-1: Launching mavenrun-8c3f34c9-5217-46c1-b54e-17a8b9a820ed] INFO  o.eclipse.m2e.core.internal.Bundles - 	Entry: C:\Users\Wissen\Desktop\sts-4.27.0.RELEASE\plugins\org.eclipse.m2e.maven.runtime_3.9.900.20240824-1409\jars\maven-embedder-3.9.9.jar
2025-02-11 14:29:31,644 [Worker-1: Launching mavenrun-8c3f34c9-5217-46c1-b54e-17a8b9a820ed] INFO  o.eclipse.m2e.core.internal.Bundles - 	Entry: C:\Users\Wissen\Desktop\sts-4.27.0.RELEASE\plugins\org.eclipse.m2e.maven.runtime_3.9.900.20240824-1409\jars\maven-model-3.9.9.jar
2025-02-11 14:29:31,644 [Worker-1: Launching mavenrun-8c3f34c9-5217-46c1-b54e-17a8b9a820ed] INFO  o.eclipse.m2e.core.internal.Bundles - 	Entry: C:\Users\Wissen\Desktop\sts-4.27.0.RELEASE\plugins\org.eclipse.m2e.maven.runtime_3.9.900.20240824-1409\jars\maven-model-builder-3.9.9.jar
2025-02-11 14:29:31,645 [Worker-1: Launching mavenrun-8c3f34c9-5217-46c1-b54e-17a8b9a820ed] INFO  o.eclipse.m2e.core.internal.Bundles - 	Entry: C:\Users\Wissen\Desktop\sts-4.27.0.RELEASE\plugins\org.eclipse.m2e.maven.runtime_3.9.900.20240824-1409\jars\maven-plugin-api-3.9.9.jar
2025-02-11 14:29:31,645 [Worker-1: Launching mavenrun-8c3f34c9-5217-46c1-b54e-17a8b9a820ed] INFO  o.eclipse.m2e.core.internal.Bundles - 	Entry: C:\Users\Wissen\Desktop\sts-4.27.0.RELEASE\plugins\org.eclipse.m2e.maven.runtime_3.9.900.20240824-1409\jars\maven-repository-metadata-3.9.9.jar
2025-02-11 14:29:31,645 [Worker-1: Launching mavenrun-8c3f34c9-5217-46c1-b54e-17a8b9a820ed] INFO  o.eclipse.m2e.core.internal.Bundles - 	Entry: C:\Users\Wissen\Desktop\sts-4.27.0.RELEASE\plugins\org.eclipse.m2e.maven.runtime_3.9.900.20240824-1409\jars\maven-resolver-api-1.9.22.jar
2025-02-11 14:29:31,645 [Worker-1: Launching mavenrun-8c3f34c9-5217-46c1-b54e-17a8b9a820ed] INFO  o.eclipse.m2e.core.internal.Bundles - 	Entry: C:\Users\Wissen\Desktop\sts-4.27.0.RELEASE\plugins\org.eclipse.m2e.maven.runtime_3.9.900.20240824-1409\jars\maven-resolver-connector-basic-1.9.22.jar
2025-02-11 14:29:31,645 [Worker-1: Launching mavenrun-8c3f34c9-5217-46c1-b54e-17a8b9a820ed] INFO  o.eclipse.m2e.core.internal.Bundles - 	Entry: C:\Users\Wissen\Desktop\sts-4.27.0.RELEASE\plugins\org.eclipse.m2e.maven.runtime_3.9.900.20240824-1409\jars\maven-resolver-impl-1.9.22.jar
2025-02-11 14:29:31,645 [Worker-1: Launching mavenrun-8c3f34c9-5217-46c1-b54e-17a8b9a820ed] INFO  o.eclipse.m2e.core.internal.Bundles - 	Entry: C:\Users\Wissen\Desktop\sts-4.27.0.RELEASE\plugins\org.eclipse.m2e.maven.runtime_3.9.900.20240824-1409\jars\maven-resolver-named-locks-1.9.22.jar
2025-02-11 14:29:31,645 [Worker-1: Launching mavenrun-8c3f34c9-5217-46c1-b54e-17a8b9a820ed] INFO  o.eclipse.m2e.core.internal.Bundles - 	Entry: C:\Users\Wissen\Desktop\sts-4.27.0.RELEASE\plugins\org.eclipse.m2e.maven.runtime_3.9.900.20240824-1409\jars\maven-resolver-provider-3.9.9.jar
2025-02-11 14:29:31,645 [Worker-1: Launching mavenrun-8c3f34c9-5217-46c1-b54e-17a8b9a820ed] INFO  o.eclipse.m2e.core.internal.Bundles - 	Entry: C:\Users\Wissen\Desktop\sts-4.27.0.RELEASE\plugins\org.eclipse.m2e.maven.runtime_3.9.900.20240824-1409\jars\maven-resolver-spi-1.9.22.jar
2025-02-11 14:29:31,645 [Worker-1: Launching mavenrun-8c3f34c9-5217-46c1-b54e-17a8b9a820ed] INFO  o.eclipse.m2e.core.internal.Bundles - 	Entry: C:\Users\Wissen\Desktop\sts-4.27.0.RELEASE\plugins\org.eclipse.m2e.maven.runtime_3.9.900.20240824-1409\jars\maven-resolver-transport-file-1.9.22.jar
2025-02-11 14:29:31,647 [Worker-1: Launching mavenrun-8c3f34c9-5217-46c1-b54e-17a8b9a820ed] INFO  o.eclipse.m2e.core.internal.Bundles - 	Entry: C:\Users\Wissen\Desktop\sts-4.27.0.RELEASE\plugins\org.eclipse.m2e.maven.runtime_3.9.900.20240824-1409\jars\maven-resolver-transport-http-1.9.22.jar
2025-02-11 14:29:31,647 [Worker-1: Launching mavenrun-8c3f34c9-5217-46c1-b54e-17a8b9a820ed] INFO  o.eclipse.m2e.core.internal.Bundles - 	Entry: C:\Users\Wissen\Desktop\sts-4.27.0.RELEASE\plugins\org.eclipse.m2e.maven.runtime_3.9.900.20240824-1409\jars\maven-resolver-transport-wagon-1.9.22.jar
2025-02-11 14:29:31,647 [Worker-1: Launching mavenrun-8c3f34c9-5217-46c1-b54e-17a8b9a820ed] INFO  o.eclipse.m2e.core.internal.Bundles - 	Entry: C:\Users\Wissen\Desktop\sts-4.27.0.RELEASE\plugins\org.eclipse.m2e.maven.runtime_3.9.900.20240824-1409\jars\maven-resolver-util-1.9.22.jar
2025-02-11 14:29:31,647 [Worker-1: Launching mavenrun-8c3f34c9-5217-46c1-b54e-17a8b9a820ed] INFO  o.eclipse.m2e.core.internal.Bundles - 	Entry: C:\Users\Wissen\Desktop\sts-4.27.0.RELEASE\plugins\org.eclipse.m2e.maven.runtime_3.9.900.20240824-1409\jars\maven-settings-3.9.9.jar
2025-02-11 14:29:31,647 [Worker-1: Launching mavenrun-8c3f34c9-5217-46c1-b54e-17a8b9a820ed] INFO  o.eclipse.m2e.core.internal.Bundles - 	Entry: C:\Users\Wissen\Desktop\sts-4.27.0.RELEASE\plugins\org.eclipse.m2e.maven.runtime_3.9.900.20240824-1409\jars\maven-settings-builder-3.9.9.jar
2025-02-11 14:29:31,648 [Worker-1: Launching mavenrun-8c3f34c9-5217-46c1-b54e-17a8b9a820ed] INFO  o.eclipse.m2e.core.internal.Bundles - 	Entry: C:\Users\Wissen\Desktop\sts-4.27.0.RELEASE\plugins\org.eclipse.m2e.maven.runtime_3.9.900.20240824-1409\jars\maven-shared-utils-3.4.2.jar
2025-02-11 14:29:31,648 [Worker-1: Launching mavenrun-8c3f34c9-5217-46c1-b54e-17a8b9a820ed] INFO  o.eclipse.m2e.core.internal.Bundles - 	Entry: C:\Users\Wissen\Desktop\sts-4.27.0.RELEASE\plugins\org.eclipse.m2e.maven.runtime_3.9.900.20240824-1409\jars\org.eclipse.sisu.inject-0.9.0.M3.jar
2025-02-11 14:29:31,648 [Worker-1: Launching mavenrun-8c3f34c9-5217-46c1-b54e-17a8b9a820ed] INFO  o.eclipse.m2e.core.internal.Bundles - 	Entry: C:\Users\Wissen\Desktop\sts-4.27.0.RELEASE\plugins\org.eclipse.m2e.maven.runtime_3.9.900.20240824-1409\jars\org.eclipse.sisu.plexus-0.9.0.M3.jar
2025-02-11 14:29:31,649 [Worker-1: Launching mavenrun-8c3f34c9-5217-46c1-b54e-17a8b9a820ed] INFO  o.eclipse.m2e.core.internal.Bundles - 	Entry: C:\Users\Wissen\Desktop\sts-4.27.0.RELEASE\plugins\org.eclipse.m2e.maven.runtime_3.9.900.20240824-1409\jars\plexus-build-api-0.0.7.jar
2025-02-11 14:29:31,649 [Worker-1: Launching mavenrun-8c3f34c9-5217-46c1-b54e-17a8b9a820ed] INFO  o.eclipse.m2e.core.internal.Bundles - 	Entry: C:\Users\Wissen\Desktop\sts-4.27.0.RELEASE\plugins\org.eclipse.m2e.maven.runtime_3.9.900.20240824-1409\jars\plexus-build-api-1.2.0.jar
2025-02-11 14:29:31,649 [Worker-1: Launching mavenrun-8c3f34c9-5217-46c1-b54e-17a8b9a820ed] INFO  o.eclipse.m2e.core.internal.Bundles - 	Entry: C:\Users\Wissen\Desktop\sts-4.27.0.RELEASE\plugins\org.eclipse.m2e.maven.runtime_3.9.900.20240824-1409\jars\plexus-cipher-2.0.jar
2025-02-11 14:29:31,650 [Worker-1: Launching mavenrun-8c3f34c9-5217-46c1-b54e-17a8b9a820ed] INFO  o.eclipse.m2e.core.internal.Bundles - 	Entry: C:\Users\Wissen\Desktop\sts-4.27.0.RELEASE\plugins\org.eclipse.m2e.maven.runtime_3.9.900.20240824-1409\jars\plexus-classworlds-2.8.0.jar
2025-02-11 14:29:31,650 [Worker-1: Launching mavenrun-8c3f34c9-5217-46c1-b54e-17a8b9a820ed] INFO  o.eclipse.m2e.core.internal.Bundles - 	Entry: C:\Users\Wissen\Desktop\sts-4.27.0.RELEASE\plugins\org.eclipse.m2e.maven.runtime_3.9.900.20240824-1409\jars\plexus-component-annotations-2.1.0.jar
2025-02-11 14:29:31,650 [Worker-1: Launching mavenrun-8c3f34c9-5217-46c1-b54e-17a8b9a820ed] INFO  o.eclipse.m2e.core.internal.Bundles - 	Entry: C:\Users\Wissen\Desktop\sts-4.27.0.RELEASE\plugins\org.eclipse.m2e.maven.runtime_3.9.900.20240824-1409\jars\plexus-interpolation-1.27.jar
2025-02-11 14:29:31,650 [Worker-1: Launching mavenrun-8c3f34c9-5217-46c1-b54e-17a8b9a820ed] INFO  o.eclipse.m2e.core.internal.Bundles - 	Entry: C:\Users\Wissen\Desktop\sts-4.27.0.RELEASE\plugins\org.eclipse.m2e.maven.runtime_3.9.900.20240824-1409\jars\plexus-sec-dispatcher-2.0.jar
2025-02-11 14:29:31,651 [Worker-1: Launching mavenrun-8c3f34c9-5217-46c1-b54e-17a8b9a820ed] INFO  o.eclipse.m2e.core.internal.Bundles - 	Entry: C:\Users\Wissen\Desktop\sts-4.27.0.RELEASE\plugins\org.eclipse.m2e.maven.runtime_3.9.900.20240824-1409\jars\plexus-utils-3.5.1.jar
2025-02-11 14:29:31,651 [Worker-1: Launching mavenrun-8c3f34c9-5217-46c1-b54e-17a8b9a820ed] INFO  o.eclipse.m2e.core.internal.Bundles - 	Entry: C:\Users\Wissen\Desktop\sts-4.27.0.RELEASE\plugins\org.eclipse.m2e.maven.runtime_3.9.900.20240824-1409\jars\plexus-xml-3.0.1.jar
2025-02-11 14:29:31,652 [Worker-1: Launching mavenrun-8c3f34c9-5217-46c1-b54e-17a8b9a820ed] INFO  o.eclipse.m2e.core.internal.Bundles - 	Entry: C:\Users\Wissen\Desktop\sts-4.27.0.RELEASE\plugins\org.eclipse.m2e.maven.runtime_3.9.900.20240824-1409\jars\wagon-file-3.5.3.jar
2025-02-11 14:29:31,652 [Worker-1: Launching mavenrun-8c3f34c9-5217-46c1-b54e-17a8b9a820ed] INFO  o.eclipse.m2e.core.internal.Bundles - 	Entry: C:\Users\Wissen\Desktop\sts-4.27.0.RELEASE\plugins\org.eclipse.m2e.maven.runtime_3.9.900.20240824-1409\jars\wagon-http-3.5.3.jar
2025-02-11 14:29:31,652 [Worker-1: Launching mavenrun-8c3f34c9-5217-46c1-b54e-17a8b9a820ed] INFO  o.eclipse.m2e.core.internal.Bundles - 	Entry: C:\Users\Wissen\Desktop\sts-4.27.0.RELEASE\plugins\org.eclipse.m2e.maven.runtime_3.9.900.20240824-1409\jars\wagon-http-shared-3.5.3.jar
2025-02-11 14:29:31,652 [Worker-1: Launching mavenrun-8c3f34c9-5217-46c1-b54e-17a8b9a820ed] INFO  o.eclipse.m2e.core.internal.Bundles - 	Entry: C:\Users\Wissen\Desktop\sts-4.27.0.RELEASE\plugins\org.eclipse.m2e.maven.runtime_3.9.900.20240824-1409\jars\wagon-provider-api-3.5.3.jar
2025-02-11 14:29:31,652 [Worker-1: Launching mavenrun-8c3f34c9-5217-46c1-b54e-17a8b9a820ed] INFO  o.eclipse.m2e.core.internal.Bundles - getClasspathEntries(Bundle=com.google.guava_33.3.1.jre [29])
2025-02-11 14:29:31,653 [Worker-1: Launching mavenrun-8c3f34c9-5217-46c1-b54e-17a8b9a820ed] INFO  o.eclipse.m2e.core.internal.Bundles - 	Entry: C:\Users\Wissen\Desktop\sts-4.27.0.RELEASE\plugins\com.google.guava_33.3.1.jre.jar
2025-02-11 14:29:31,653 [Worker-1: Launching mavenrun-8c3f34c9-5217-46c1-b54e-17a8b9a820ed] INFO  o.eclipse.m2e.core.internal.Bundles - getClasspathEntries(Bundle=slf4j.api_2.0.16 [615])
2025-02-11 14:29:31,654 [Worker-1: Launching mavenrun-8c3f34c9-5217-46c1-b54e-17a8b9a820ed] INFO  o.eclipse.m2e.core.internal.Bundles - 	Entry: C:\Users\Wissen\Desktop\sts-4.27.0.RELEASE\plugins\slf4j.api_2.0.16.jar
2025-02-11 14:29:31,654 [Worker-1: Launching mavenrun-8c3f34c9-5217-46c1-b54e-17a8b9a820ed] INFO  o.eclipse.m2e.core.internal.Bundles - getClasspathEntries(Bundle=jakarta.inject.jakarta.inject-api_1.0.5 [45])
2025-02-11 14:29:31,655 [Worker-1: Launching mavenrun-8c3f34c9-5217-46c1-b54e-17a8b9a820ed] INFO  o.eclipse.m2e.core.internal.Bundles - 	Entry: C:\Users\Wissen\Desktop\sts-4.27.0.RELEASE\plugins\jakarta.inject.jakarta.inject-api_1.0.5.jar
2025-02-11 14:29:31,655 [Worker-1: Launching mavenrun-8c3f34c9-5217-46c1-b54e-17a8b9a820ed] INFO  o.eclipse.m2e.core.internal.Bundles - getClasspathEntries(Bundle=jakarta.annotation-api_1.3.5 [41])
2025-02-11 14:29:31,655 [Worker-1: Launching mavenrun-8c3f34c9-5217-46c1-b54e-17a8b9a820ed] INFO  o.eclipse.m2e.core.internal.Bundles - 	Entry: C:\Users\Wissen\Desktop\sts-4.27.0.RELEASE\plugins\jakarta.annotation-api_1.3.5.jar
2025-02-11 14:29:31,655 [Worker-1: Launching mavenrun-8c3f34c9-5217-46c1-b54e-17a8b9a820ed] INFO  o.eclipse.m2e.core.internal.Bundles - getClasspathEntries(Bundle=org.apache.commons.cli_1.9.0 [78])
2025-02-11 14:29:31,656 [Worker-1: Launching mavenrun-8c3f34c9-5217-46c1-b54e-17a8b9a820ed] INFO  o.eclipse.m2e.core.internal.Bundles - 	Entry: C:\Users\Wissen\Desktop\sts-4.27.0.RELEASE\plugins\org.apache.commons.cli_1.9.0.jar
2025-02-11 14:29:31,656 [Worker-1: Launching mavenrun-8c3f34c9-5217-46c1-b54e-17a8b9a820ed] INFO  o.eclipse.m2e.core.internal.Bundles - getClasspathEntries(Bundle=org.apache.commons.commons-codec_1.16.0 [81])
2025-02-11 14:29:31,657 [Worker-1: Launching mavenrun-8c3f34c9-5217-46c1-b54e-17a8b9a820ed] INFO  o.eclipse.m2e.core.internal.Bundles - 	Entry: C:\Users\Wissen\Desktop\sts-4.27.0.RELEASE\plugins\org.apache.commons.commons-codec_1.16.0.jar
2025-02-11 14:29:31,657 [Worker-1: Launching mavenrun-8c3f34c9-5217-46c1-b54e-17a8b9a820ed] INFO  o.eclipse.m2e.core.internal.Bundles - getClasspathEntries(Bundle=com.google.guava.failureaccess_1.0.2 [30])
2025-02-11 14:29:31,657 [Worker-1: Launching mavenrun-8c3f34c9-5217-46c1-b54e-17a8b9a820ed] INFO  o.eclipse.m2e.core.internal.Bundles - 	Entry: C:\Users\Wissen\Desktop\sts-4.27.0.RELEASE\plugins\com.google.guava.failureaccess_1.0.2.jar
2025-02-11 14:29:31,661 [Worker-1: Launching mavenrun-8c3f34c9-5217-46c1-b54e-17a8b9a820ed] INFO  o.e.m.i.launch.MavenLaunchDelegate - Run build in "C:\Users\Wissen\AppData\Local\Temp\m2e-archetypeGenerator1262572003160084620":
2025-02-11 14:29:31,662 [Worker-1: Launching mavenrun-8c3f34c9-5217-46c1-b54e-17a8b9a820ed] INFO  o.e.m.i.launch.MavenLaunchDelegate -  mvn  -DjavaCompilerVersion=17 -DjunitVersion=5.11.0 -DarchetypeGroupId=org.apache.maven.archetypes -DarchetypeArtifactId=maven-archetype-quickstart -DarchetypeVersion=1.5 -DgroupId=com -DartifactId=demo1 -Dversion=0.0.1-SNAPSHOT -Dpackage=com.demo1 -DoutputDirectory=C:\Users\Wissen\Desktop\GradTraining\Maven -Dstyle.color=always -U archetype:generate
